<?xml version="1.0" encoding="UTF-8"?>
<!-- Generated by org.testng.reporters.JUnitReportReporter -->
<testsuite hostname="DESKTOP-NEII653" failures="0" tests="1" name="runners.TestRunner" time="32.204" errors="0" timestamp="2025-08-20T20:08:52 EEST" skipped="0">
  <testcase classname="runners.TestRunner" name="runScenario" time="32.204"/>
</testsuite> <!-- runners.TestRunner -->
