<?xml version="1.0" encoding="UTF-8"?>
<!-- Generated by org.testng.reporters.JUnitReportReporter -->
<testsuite hostname="DESKTOP-NEII653" failures="0" tests="1" name="runners.TestRunner" time="35.619" errors="0" timestamp="2025-08-21T02:39:41 EEST" skipped="0">
  <testcase classname="runners.TestRunner" name="runScenario" time="35.619"/>
</testsuite> <!-- runners.TestRunner -->
